The system is: Linux - sh: 0: getcwd() failed: No such file or directory
5.4.0-144-generic - sh: 0: getcwd() failed: No such file or directory
x86_64
Determining if the C compiler works passed with the following output:
Change Dir: /CHAT/chatserver/build/CMakeFiles/CMakeTmp

Run Build Command:"/usr/bin/make" "cmTC_3c376/fast"
/usr/bin/make -f CMakeFiles/cmTC_3c376.dir/build.make CMakeFiles/cmTC_3c376.dir/build
make[1]: 进入目录“/CHAT/chatserver/build/CMakeFiles/CMakeTmp”
Building C object CMakeFiles/cmTC_3c376.dir/testCCompiler.c.o
/usr/bin/gcc    -o CMakeFiles/cmTC_3c376.dir/testCCompiler.c.o   -c /CHAT/chatserver/build/CMakeFiles/CMakeTmp/testCCompiler.c
Linking C executable cmTC_3c376
/usr/bin/cmake -E cmake_link_script CMakeFiles/cmTC_3c376.dir/link.txt --verbose=1
/usr/bin/gcc      CMakeFiles/cmTC_3c376.dir/testCCompiler.c.o  -o cmTC_3c376 
make[1]: 离开目录“/CHAT/chatserver/build/CMakeFiles/CMakeTmp”


Detecting C compiler ABI info compiled with the following output:
Change Dir: /CHAT/chatserver/build/CMakeFiles/CMakeTmp

Run Build Command:"/usr/bin/make" "cmTC_013d7/fast"
/usr/bin/make -f CMakeFiles/cmTC_013d7.dir/build.make CMakeFiles/cmTC_013d7.dir/build
make[1]: 进入目录“/CHAT/chatserver/build/CMakeFiles/CMakeTmp”
Building C object CMakeFiles/cmTC_013d7.dir/CMakeCCompilerABI.c.o
/usr/bin/gcc    -o CMakeFiles/cmTC_013d7.dir/CMakeCCompilerABI.c.o   -c /usr/share/cmake-3.10/Modules/CMakeCCompilerABI.c
Linking C executable cmTC_013d7
/usr/bin/cmake -E cmake_link_script CMakeFiles/cmTC_013d7.dir/link.txt --verbose=1
/usr/bin/gcc      CMakeFiles/cmTC_013d7.dir/CMakeCCompilerABI.c.o  -o cmTC_013d7 
make[1]: 离开目录“/CHAT/chatserver/build/CMakeFiles/CMakeTmp”


Determining if the CXX compiler works passed with the following output:
Change Dir: /CHAT/chatserver/build/CMakeFiles/CMakeTmp

Run Build Command:"/usr/bin/make" "cmTC_c2220/fast"
/usr/bin/make -f CMakeFiles/cmTC_c2220.dir/build.make CMakeFiles/cmTC_c2220.dir/build
make[1]: 进入目录“/CHAT/chatserver/build/CMakeFiles/CMakeTmp”
Building CXX object CMakeFiles/cmTC_c2220.dir/testCXXCompiler.cxx.o
/usr/bin/g++     -o CMakeFiles/cmTC_c2220.dir/testCXXCompiler.cxx.o -c /CHAT/chatserver/build/CMakeFiles/CMakeTmp/testCXXCompiler.cxx
Linking CXX executable cmTC_c2220
/usr/bin/cmake -E cmake_link_script CMakeFiles/cmTC_c2220.dir/link.txt --verbose=1
/usr/bin/g++       CMakeFiles/cmTC_c2220.dir/testCXXCompiler.cxx.o  -o cmTC_c2220 
make[1]: 离开目录“/CHAT/chatserver/build/CMakeFiles/CMakeTmp”


Detecting CXX compiler ABI info compiled with the following output:
Change Dir: /CHAT/chatserver/build/CMakeFiles/CMakeTmp

Run Build Command:"/usr/bin/make" "cmTC_02350/fast"
/usr/bin/make -f CMakeFiles/cmTC_02350.dir/build.make CMakeFiles/cmTC_02350.dir/build
make[1]: 进入目录“/CHAT/chatserver/build/CMakeFiles/CMakeTmp”
Building CXX object CMakeFiles/cmTC_02350.dir/CMakeCXXCompilerABI.cpp.o
/usr/bin/g++     -o CMakeFiles/cmTC_02350.dir/CMakeCXXCompilerABI.cpp.o -c /usr/share/cmake-3.10/Modules/CMakeCXXCompilerABI.cpp
Linking CXX executable cmTC_02350
/usr/bin/cmake -E cmake_link_script CMakeFiles/cmTC_02350.dir/link.txt --verbose=1
/usr/bin/g++       CMakeFiles/cmTC_02350.dir/CMakeCXXCompilerABI.cpp.o  -o cmTC_02350 
make[1]: 离开目录“/CHAT/chatserver/build/CMakeFiles/CMakeTmp”


